<?xml version="1.0" encoding="UTF-8"?>
<!-- Generated by org.testng.reporters.JUnitXMLReporter -->
<testsuite ignored="0" hostname="DESKTOP-FBLO2R3" failures="0" tests="3" name="Default test" time="34.862" errors="0" timestamp="2025-06-04T18:12:02 IST">
  <testcase classname="org.testngcrossbrowser.CrossBrowserTesting" name="chromeBrowser" time="5.952"/>
  <testcase classname="org.testngcrossbrowser.CrossBrowserTesting" name="edgeBrowser" time="15.482"/>
  <testcase classname="org.testngcrossbrowser.CrossBrowserTesting" name="fireFoxBrowser" time="13.257"/>
</testsuite> <!-- Default test -->
