<?xml version="1.0" encoding="UTF-8"?>
<testng-results ignored="0" total="3" passed="3" failed="0" skipped="0">
  <reporter-output>
  </reporter-output>
  <suite started-at="2025-06-04T18:11:27 IST" name="Default suite" finished-at="2025-06-04T18:12:02 IST" duration-ms="34862">
    <groups>
    </groups>
    <test started-at="2025-06-04T18:11:27 IST" name="Default test" finished-at="2025-06-04T18:12:02 IST" duration-ms="34862">
      <class name="org.testngcrossbrowser.CrossBrowserTesting">
        <test-method signature="chromeBrowser()[pri:0, instance:org.testngcrossbrowser.CrossBrowserTesting@1040be71]" started-at="2025-06-04T18:11:27 IST" name="chromeBrowser" finished-at="2025-06-04T18:11:33 IST" duration-ms="5952" status="PASS">
          <reporter-output>
          </reporter-output>
        </test-method> <!-- chromeBrowser -->
        <test-method signature="edgeBrowser()[pri:0, instance:org.testngcrossbrowser.CrossBrowserTesting@1040be71]" started-at="2025-06-04T18:11:33 IST" name="edgeBrowser" finished-at="2025-06-04T18:11:49 IST" duration-ms="15482" status="PASS">
          <reporter-output>
          </reporter-output>
        </test-method> <!-- edgeBrowser -->
        <test-method signature="fireFoxBrowser()[pri:0, instance:org.testngcrossbrowser.CrossBrowserTesting@1040be71]" started-at="2025-06-04T18:11:49 IST" name="fireFoxBrowser" finished-at="2025-06-04T18:12:02 IST" duration-ms="13257" status="PASS">
          <reporter-output>
          </reporter-output>
        </test-method> <!-- fireFoxBrowser -->
      </class> <!-- org.testngcrossbrowser.CrossBrowserTesting -->
    </test> <!-- Default test -->
  </suite> <!-- Default suite -->
</testng-results>
